platforms/android/app/build/outputs/logs/manifest-merger-debug-report.txt
-- Merging decision tree log ---
provider#nl.xservices.plugins.FileProvider
INJECTED from src\main\AndroidManifest.xml:17:9-19:20
	android:grantUriPermissions
		ADDED from src\main\AndroidManifest.xml:17:100-134
	android:authorities
		INJECTED from src\main\AndroidManifest.xml
		ADDED from src\main\AndroidManifest.xml:17:19-74
	android:exported
		ADDED from src\main\AndroidManifest.xml:17:75-99
	android:name
		ADDED from src\main\AndroidManifest.xml:17:135-183
manifest
ADDED from src\main\AndroidManifest.xml:2:1-23:12
INJECTED from src\main\AndroidManifest.xml:2:1-23:12
INJECTED from src\main\AndroidManifest.xml:2:1-23:12
INJECTED from src\main\AndroidManifest.xml:2:1-23:12
MERGED from [io.card:android-sdk:5.4.0] AndroidManifest.xml:2:1-28:12
MERGED from [com.paypal.sdk:paypal-android-sdk:2.15.3] AndroidManifest.xml:2:1-28:12
MERGED from [com.android.support:support-v4:24.1.1] AndroidManifest.xml:17:1-27:12
MERGED from [:CordovaLib] AndroidManifest.xml:20:1-27:12
INJECTED from src\main\AndroidManifest.xml:2:1-23:12
INJECTED from src\main\AndroidManifest.xml:2:1-23:12
INJECTED from src\main\AndroidManifest.xml:2:1-23:12
	package
		ADDED from src\main\AndroidManifest.xml:2:98-143
		INJECTED from src\main\AndroidManifest.xml
		INJECTED from src\main\AndroidManifest.xml
	android:versionName
		ADDED from src\main\AndroidManifest.xml:2:70-97
		INJECTED from src\main\AndroidManifest.xml
		INJECTED from src\main\AndroidManifest.xml
	android:hardwareAccelerated
		ADDED from src\main\AndroidManifest.xml:2:11-45
	xmlns:android
		ADDED from src\main\AndroidManifest.xml:2:144-202
	android:versionCode
		ADDED from src\main\AndroidManifest.xml:2:46-69
		INJECTED from src\main\AndroidManifest.xml
		INJECTED from src\main\AndroidManifest.xml
supports-screens
ADDED from src\main\AndroidManifest.xml:3:5-191
	android:largeScreens
		ADDED from src\main\AndroidManifest.xml:3:49-76
	android:smallScreens
		ADDED from src\main\AndroidManifest.xml:3:132-159
	android:normalScreens
		ADDED from src\main\AndroidManifest.xml:3:77-105
	android:xlargeScreens
		ADDED from src\main\AndroidManifest.xml:3:160-188
	android:resizeable
		ADDED from src\main\AndroidManifest.xml:3:106-131
	android:anyDensity
		ADDED from src\main\AndroidManifest.xml:3:23-48
uses-permission#android.permission.INTERNET
ADDED from src\main\AndroidManifest.xml:4:5-67
MERGED from [com.paypal.sdk:paypal-android-sdk:2.15.3] AndroidManifest.xml:10:5-67
MERGED from [com.paypal.sdk:paypal-android-sdk:2.15.3] AndroidManifest.xml:10:5-67
	android:name
		ADDED from src\main\AndroidManifest.xml:4:22-64
application
ADDED from src\main\AndroidManifest.xml:5:5-20:19
MERGED from [io.card:android-sdk:5.4.0] AndroidManifest.xml:21:5-26:19
MERGED from [io.card:android-sdk:5.4.0] AndroidManifest.xml:21:5-26:19
MERGED from [com.paypal.sdk:paypal-android-sdk:2.15.3] AndroidManifest.xml:12:5-26:19
MERGED from [com.paypal.sdk:paypal-android-sdk:2.15.3] AndroidManifest.xml:12:5-26:19
MERGED from [com.android.support:support-v4:24.1.1] AndroidManifest.xml:25:5-20
MERGED from [com.android.support:support-v4:24.1.1] AndroidManifest.xml:25:5-20
	android:supportsRtl
		ADDED from src\main\AndroidManifest.xml:5:114-140
	android:label
		ADDED from src\main\AndroidManifest.xml:5:81-113
	android:hardwareAccelerated
		ADDED from src\main\AndroidManifest.xml:5:18-52
	android:icon
		ADDED from src\main\AndroidManifest.xml:5:53-80
activity#com.verbosetech.mobimall_ionic_demo.MainActivity
ADDED from src\main\AndroidManifest.xml:6:9-11:20
	android:screenOrientation
		ADDED from src\main\AndroidManifest.xml:6:194-230
	android:label
		ADDED from src\main\AndroidManifest.xml:6:97-134
	android:launchMode
		ADDED from src\main\AndroidManifest.xml:6:135-165
	android:windowSoftInputMode
		ADDED from src\main\AndroidManifest.xml:6:294-336
	android:configChanges
		ADDED from src\main\AndroidManifest.xml:6:19-96
	android:theme
		ADDED from src\main\AndroidManifest.xml:6:231-293
	android:name
		ADDED from src\main\AndroidManifest.xml:6:166-193
intent-filter#android.intent.action.MAIN+android.intent.category.LAUNCHER
ADDED from src\main\AndroidManifest.xml:7:13-10:29
	android:label
		ADDED from src\main\AndroidManifest.xml:7:28-65
action#android.intent.action.MAIN
ADDED from src\main\AndroidManifest.xml:8:17-69
	android:name
		ADDED from src\main\AndroidManifest.xml:8:25-66
category#android.intent.category.LAUNCHER
ADDED from src\main\AndroidManifest.xml:9:17-77
	android:name
		ADDED from src\main\AndroidManifest.xml:9:27-74
receiver#nl.xservices.plugins.ShareChooserPendingIntent
ADDED from src\main\AndroidManifest.xml:12:9-16:20
	android:enabled
		ADDED from src\main\AndroidManifest.xml:12:19-41
	android:name
		ADDED from src\main\AndroidManifest.xml:12:42-103
intent-filter#android.intent.action.SEND
ADDED from src\main\AndroidManifest.xml:13:13-15:29
action#android.intent.action.SEND
ADDED from src\main\AndroidManifest.xml:14:17-69
	android:name
		ADDED from src\main\AndroidManifest.xml:14:25-66
uses-sdk
ADDED from src\main\AndroidManifest.xml:21:5-74
MERGED from [io.card:android-sdk:5.4.0] AndroidManifest.xml:7:5-9:41
MERGED from [io.card:android-sdk:5.4.0] AndroidManifest.xml:7:5-9:41
MERGED from [com.paypal.sdk:paypal-android-sdk:2.15.3] AndroidManifest.xml:5:5-7:41
MERGED from [com.paypal.sdk:paypal-android-sdk:2.15.3] AndroidManifest.xml:5:5-7:41
MERGED from [com.android.support:support-v4:24.1.1] AndroidManifest.xml:21:5-23:54
MERGED from [com.android.support:support-v4:24.1.1] AndroidManifest.xml:21:5-23:54
MERGED from [:CordovaLib] AndroidManifest.xml:25:5-44
MERGED from [:CordovaLib] AndroidManifest.xml:25:5-44
	tools:overrideLibrary
		ADDED from [com.android.support:support-v4:24.1.1] AndroidManifest.xml:23:9-51
	android:targetSdkVersion
		ADDED from src\main\AndroidManifest.xml:21:42-71
	android:minSdkVersion
		ADDED from src\main\AndroidManifest.xml:21:15-41
uses-permission#android.permission.WRITE_EXTERNAL_STORAGE
ADDED from src\main\AndroidManifest.xml:22:5-81
	android:name
		ADDED from src\main\AndroidManifest.xml:22:22-78
meta-data#android.support.FILE_PROVIDER_PATHS
ADDED from src\main\AndroidManifest.xml:18:13-115
	android:resource
		ADDED from src\main\AndroidManifest.xml:18:75-112
	android:name
		ADDED from src\main\AndroidManifest.xml:18:24-74
uses-permission#android.permission.CAMERA
ADDED from [io.card:android-sdk:5.4.0] AndroidManifest.xml:11:5-65
	android:name
		ADDED from [io.card:android-sdk:5.4.0] AndroidManifest.xml:11:22-62
uses-permission#android.permission.VIBRATE
ADDED from [io.card:android-sdk:5.4.0] AndroidManifest.xml:12:5-66
	android:name
		ADDED from [io.card:android-sdk:5.4.0] AndroidManifest.xml:12:22-63
uses-feature#android.hardware.camera
ADDED from [io.card:android-sdk:5.4.0] AndroidManifest.xml:14:5-16:36
	android:required
		ADDED from [io.card:android-sdk:5.4.0] AndroidManifest.xml:16:9-33
	android:name
		ADDED from [io.card:android-sdk:5.4.0] AndroidManifest.xml:15:9-47
uses-feature#android.hardware.camera.autofocus
ADDED from [io.card:android-sdk:5.4.0] AndroidManifest.xml:17:5-19:36
	android:required
		ADDED from [io.card:android-sdk:5.4.0] AndroidManifest.xml:19:9-33
	android:name
		ADDED from [io.card:android-sdk:5.4.0] AndroidManifest.xml:18:9-57
activity#io.card.payment.CardIOActivity
ADDED from [io.card:android-sdk:5.4.0] AndroidManifest.xml:22:9-24:66
	android:configChanges
		ADDED from [io.card:android-sdk:5.4.0] AndroidManifest.xml:24:13-63
	android:name
		ADDED from [io.card:android-sdk:5.4.0] AndroidManifest.xml:23:13-58
activity#io.card.payment.DataEntryActivity
ADDED from [io.card:android-sdk:5.4.0] AndroidManifest.xml:25:9-70
	android:name
		ADDED from [io.card:android-sdk:5.4.0] AndroidManifest.xml:25:19-67
uses-permission#android.permission.ACCESS_NETWORK_STATE
ADDED from [com.paypal.sdk:paypal-android-sdk:2.15.3] AndroidManifest.xml:9:5-79
	android:name
		ADDED from [com.paypal.sdk:paypal-android-sdk:2.15.3] AndroidManifest.xml:9:22-76
activity#com.paypal.android.sdk.payments.PaymentActivity
ADDED from [com.paypal.sdk:paypal-android-sdk:2.15.3] AndroidManifest.xml:13:9-84
	android:name
		ADDED from [com.paypal.sdk:paypal-android-sdk:2.15.3] AndroidManifest.xml:13:19-81
activity#com.paypal.android.sdk.payments.PaymentMethodActivity
ADDED from [com.paypal.sdk:paypal-android-sdk:2.15.3] AndroidManifest.xml:14:9-90
	android:name
		ADDED from [com.paypal.sdk:paypal-android-sdk:2.15.3] AndroidManifest.xml:14:19-87
activity#com.paypal.android.sdk.payments.PaymentConfirmActivity
ADDED from [com.paypal.sdk:paypal-android-sdk:2.15.3] AndroidManifest.xml:15:9-91
	android:name
		ADDED from [com.paypal.sdk:paypal-android-sdk:2.15.3] AndroidManifest.xml:15:19-88
activity#com.paypal.android.sdk.payments.LoginActivity
ADDED from [com.paypal.sdk:paypal-android-sdk:2.15.3] AndroidManifest.xml:16:9-82
	android:name
		ADDED from [com.paypal.sdk:paypal-android-sdk:2.15.3] AndroidManifest.xml:16:19-79
activity#com.paypal.android.sdk.payments.PayPalFuturePaymentActivity
ADDED from [com.paypal.sdk:paypal-android-sdk:2.15.3] AndroidManifest.xml:17:9-96
	android:name
		ADDED from [com.paypal.sdk:paypal-android-sdk:2.15.3] AndroidManifest.xml:17:19-93
activity#com.paypal.android.sdk.payments.FuturePaymentConsentActivity
ADDED from [com.paypal.sdk:paypal-android-sdk:2.15.3] AndroidManifest.xml:18:9-97
	android:name
		ADDED from [com.paypal.sdk:paypal-android-sdk:2.15.3] AndroidManifest.xml:18:19-94
activity#com.paypal.android.sdk.payments.FuturePaymentInfoActivity
ADDED from [com.paypal.sdk:paypal-android-sdk:2.15.3] AndroidManifest.xml:19:9-94
	android:name
		ADDED from [com.paypal.sdk:paypal-android-sdk:2.15.3] AndroidManifest.xml:19:19-91
activity#com.paypal.android.sdk.payments.PayPalProfileSharingActivity
ADDED from [com.paypal.sdk:paypal-android-sdk:2.15.3] AndroidManifest.xml:20:9-97
	android:name
		ADDED from [com.paypal.sdk:paypal-android-sdk:2.15.3] AndroidManifest.xml:20:19-94
activity#com.paypal.android.sdk.payments.ProfileSharingConsentActivity
ADDED from [com.paypal.sdk:paypal-android-sdk:2.15.3] AndroidManifest.xml:21:9-98
	android:name
		ADDED from [com.paypal.sdk:paypal-android-sdk:2.15.3] AndroidManifest.xml:21:19-95
service#com.paypal.android.sdk.payments.PayPalService
ADDED from [com.paypal.sdk:paypal-android-sdk:2.15.3] AndroidManifest.xml:23:9-25:40
	android:exported
		ADDED from [com.paypal.sdk:paypal-android-sdk:2.15.3] AndroidManifest.xml:25:13-37
	android:name
		ADDED from [com.paypal.sdk:paypal-android-sdk:2.15.3] AndroidManifest.xml:24:13-73